<?xml version="1.0" encoding="UTF-8"?>
<!-- Generated by org.testng.reporters.JUnitXMLReporter -->
<testsuite hostname="Sreekumar" ignored="0" name="Test" tests="5" failures="0" timestamp="05 Mar 2021 10:28:33 GMT" time="69.667" errors="0">
  <testcase name="gotoLoginPageTest" time="3.728" classname="com.amazon.qa.testcases.HomePageTest"/>
  <testcase name="homePageTitleTest" time="0.033" classname="com.amazon.qa.testcases.HomePageTest"/>
  <testcase name="loginButtonValidationTest" time="0.335" classname="com.amazon.qa.testcases.HomePageTest"/>
  <testcase name="loginInToAmazon" time="11.616" classname="com.amazon.qa.testcases.SignInPageTest"/>
  <testcase name="verifySignInPageTitle" time="0.008" classname="com.amazon.qa.testcases.SignInPageTest"/>
</testsuite> <!-- Test -->
