<?xml version="1.0" encoding="UTF-8"?>
<!-- Generated by org.testng.reporters.JUnitXMLReporter -->
<testsuite hostname="Sreekumar" name="Command line test" tests="9" failures="0" timestamp="15 Mar 2021 10:03:27 GMT" time="362.046" errors="0">
  <testcase name="gotoLoginPageTest" time="4.563" classname="com.amazon.qa.testcases.HomePageTest"/>
  <testcase name="homePageTitleTest" time="0.251" classname="com.amazon.qa.testcases.HomePageTest"/>
  <testcase name="loginButtonValidationTest" time="0.421" classname="com.amazon.qa.testcases.HomePageTest"/>
  <testcase name="buyItem" time="22.082" classname="com.amazon.qa.testcases.ItemDetailsPageTest"/>
  <testcase name="addInvalidCardAndVerifyError" time="2.489" classname="com.amazon.qa.testcases.PaymentPageTest"/>
  <testcase name="verifyPaymentPage" time="0.059" classname="com.amazon.qa.testcases.PaymentPageTest"/>
  <testcase name="searchAndSelectItem" time="4.545" classname="com.amazon.qa.testcases.SearchPageTest"/>
  <testcase name="loginInToAmazon" time="17.45" classname="com.amazon.qa.testcases.SignInPageTest"/>
  <testcase name="verifySignInPageTitle" time="0.116" classname="com.amazon.qa.testcases.SignInPageTest"/>
</testsuite> <!-- Command line test -->
