<?xml version="1.0" encoding="UTF-8"?>
<testsuite xmlns:xsi="http://www.w3.org/2001/XMLSchema-instance" xsi:noNamespaceSchemaLocation="https://maven.apache.org/surefire/maven-surefire-plugin/xsd/surefire-test-report-3.0.xsd" version="3.0" name="TestSuite" time="325.964" tests="11" errors="0" skipped="2" failures="1">
  <properties>
[...]
</properties>
  <testcase name="gotoLoginPageTest" classname="com.amazon.qa.testcases.HomePageTest" time="4.952">
    <system-out><![CDATA[Directory already exists: D:\eclipse workspace\AmazonAutomationTest\TestReport
Directory already exists: D:\eclipse workspace\AmazonAutomationTest\TestReport\Screenshots
D:\eclipse workspace\AmazonAutomationTest\TestReport\Extent-Report.html
*** Test Suite Amazon Page Tests started ***
D:\eclipse workspace\AmazonAutomationTest\TestReport\Screenshots\addInvalidCardAndVerifyError.png
D:\eclipse workspace\AmazonAutomationTest\TestReport\Screenshots\buyItem.png
D:\eclipse workspace\AmazonAutomationTest\TestReport\Screenshots\gotoLoginPageTest.png
D:\eclipse workspace\AmazonAutomationTest\TestReport\Screenshots\homePageTitleTest.png
D:\eclipse workspace\AmazonAutomationTest\TestReport\Screenshots\loginButtonValidationTest.png
D:\eclipse workspace\AmazonAutomationTest\TestReport\Screenshots\loginInToAmazon.png
D:\eclipse workspace\AmazonAutomationTest\TestReport\Screenshots\searchAndSelectItem.png
D:\eclipse workspace\AmazonAutomationTest\TestReport\Screenshots\verifyPaymentPage.png
D:\eclipse workspace\AmazonAutomationTest\TestReport\Screenshots\verifySignInPageTitle.png
Before navigating to: 'https://www.amazon.in/'
Navigated to:'https://www.amazon.in/'
*** Running test method gotoLoginPageTest...
Trying to find Element By : By.xpath: //a[@id='nav-link-accountList']
Found Element By : By.xpath: //a[@id='nav-link-accountList']
Trying to click on: [[ChromeDriver: chrome on WINDOWS (db2b9161ae93ca69274b57f30576415c)] -> xpath: //a[@id='nav-link-accountList']]
Clicked on: [[ChromeDriver: chrome on WINDOWS (db2b9161ae93ca69274b57f30576415c)] -> xpath: //a[@id='nav-link-accountList']]
]]></system-out>
    <system-err><![CDATA[Starting ChromeDriver 88.0.4324.96 (68dba2d8a0b149a1d3afac56fa74648032bcf46b-refs/branch-heads/4324@{#1784}) on port 10751
Only local connections are allowed.
Please see https://chromedriver.chromium.org/security-considerations for suggestions on keeping ChromeDriver safe.
ChromeDriver was started successfully.
[1616147891.348][WARNING]: This version of ChromeDriver has not been tested with Chrome version 89.
Mar 19, 2021 3:28:11 PM org.openqa.selenium.remote.ProtocolHandshake createSession
INFO: Detected dialect: W3C
]]></system-err>
  </testcase>
  <testcase name="homePageTitleTest" classname="com.amazon.qa.testcases.HomePageTest" time="0.139">
    <system-out><![CDATA[*** Executed gotoLoginPageTest test successfully...
Before navigating to: 'https://www.amazon.in/'
Navigated to:'https://www.amazon.in/'
*** Running test method homePageTitleTest...
]]></system-out>
    <system-err><![CDATA[Starting ChromeDriver 88.0.4324.96 (68dba2d8a0b149a1d3afac56fa74648032bcf46b-refs/branch-heads/4324@{#1784}) on port 47502
Only local connections are allowed.
Please see https://chromedriver.chromium.org/security-considerations for suggestions on keeping ChromeDriver safe.
ChromeDriver was started successfully.
[1616147910.524][WARNING]: This version of ChromeDriver has not been tested with Chrome version 89.
Mar 19, 2021 3:28:30 PM org.openqa.selenium.remote.ProtocolHandshake createSession
INFO: Detected dialect: W3C
]]></system-err>
  </testcase>
  <testcase name="loginButtonValidationTest" classname="com.amazon.qa.testcases.HomePageTest" time="0.63">
    <system-out><![CDATA[*** Executed homePageTitleTest test successfully...
Before navigating to: 'https://www.amazon.in/'
Navigated to:'https://www.amazon.in/'
*** Running test method loginButtonValidationTest...
Trying to find Element By : By.xpath: //a[@id='nav-link-accountList']
Found Element By : By.xpath: //a[@id='nav-link-accountList']
]]></system-out>
    <system-err><![CDATA[Starting ChromeDriver 88.0.4324.96 (68dba2d8a0b149a1d3afac56fa74648032bcf46b-refs/branch-heads/4324@{#1784}) on port 45699
Only local connections are allowed.
Please see https://chromedriver.chromium.org/security-considerations for suggestions on keeping ChromeDriver safe.
ChromeDriver was started successfully.
[1616147924.508][WARNING]: This version of ChromeDriver has not been tested with Chrome version 89.
Mar 19, 2021 3:28:44 PM org.openqa.selenium.remote.ProtocolHandshake createSession
INFO: Detected dialect: W3C
]]></system-err>
  </testcase>
  <testcase name="loginInToAmazon" classname="com.amazon.qa.testcases.SignInPageTest" time="30.154">
    <system-out><![CDATA[*** Executed loginButtonValidationTest test successfully...
Before navigating to: 'https://www.amazon.in/'
Navigated to:'https://www.amazon.in/'
Trying to find Element By : By.xpath: //a[@id='nav-link-accountList']
Found Element By : By.xpath: //a[@id='nav-link-accountList']
Trying to click on: [[ChromeDriver: chrome on WINDOWS (ef743713b878fb4041af4a7c118768fb)] -> xpath: //a[@id='nav-link-accountList']]
Clicked on: [[ChromeDriver: chrome on WINDOWS (ef743713b878fb4041af4a7c118768fb)] -> xpath: //a[@id='nav-link-accountList']]
*** Running test method loginInToAmazon...
Trying to find Element By : By.xpath: //input[@name='email']
Found Element By : By.xpath: //input[@name='email']
Trying to find Element By : By.xpath: //input[@id='continue']
Found Element By : By.xpath: //input[@id='continue']
Trying to click on: [[ChromeDriver: chrome on WINDOWS (ef743713b878fb4041af4a7c118768fb)] -> xpath: //input[@id='continue']]
Clicked on: [[ChromeDriver: chrome on WINDOWS (ef743713b878fb4041af4a7c118768fb)] -> xpath: //input[@id='continue']]
Trying to find Element By : By.xpath: //input[@name='password']
Found Element By : By.xpath: //input[@name='password']
Trying to find Element By : By.xpath: //input[@id='signInSubmit']
Found Element By : By.xpath: //input[@id='signInSubmit']
Trying to click on: [[ChromeDriver: chrome on WINDOWS (ef743713b878fb4041af4a7c118768fb)] -> xpath: //input[@id='signInSubmit']]
Clicked on: [[ChromeDriver: chrome on WINDOWS (ef743713b878fb4041af4a7c118768fb)] -> xpath: //input[@id='signInSubmit']]
Trying to find Element By : By.xpath: //a[text()='Click here to refresh the page.']
Found Element By : By.xpath: //a[text()='Click here to refresh the page.']
]]></system-out>
    <system-err><![CDATA[Starting ChromeDriver 88.0.4324.96 (68dba2d8a0b149a1d3afac56fa74648032bcf46b-refs/branch-heads/4324@{#1784}) on port 4180
Only local connections are allowed.
Please see https://chromedriver.chromium.org/security-considerations for suggestions on keeping ChromeDriver safe.
ChromeDriver was started successfully.
[1616147939.895][WARNING]: This version of ChromeDriver has not been tested with Chrome version 89.
Mar 19, 2021 3:28:59 PM org.openqa.selenium.remote.ProtocolHandshake createSession
INFO: Detected dialect: W3C
]]></system-err>
  </testcase>
  <testcase name="verifySignInPageTitle" classname="com.amazon.qa.testcases.SignInPageTest" time="0.045">
    <system-out><![CDATA[*** Executed loginInToAmazon test successfully...
Before navigating to: 'https://www.amazon.in/'
Navigated to:'https://www.amazon.in/'
Trying to find Element By : By.xpath: //a[@id='nav-link-accountList']
Found Element By : By.xpath: //a[@id='nav-link-accountList']
Trying to click on: [[ChromeDriver: chrome on WINDOWS (d96e69d25e4ce8abea7e7a264994083a)] -> xpath: //a[@id='nav-link-accountList']]
Clicked on: [[ChromeDriver: chrome on WINDOWS (d96e69d25e4ce8abea7e7a264994083a)] -> xpath: //a[@id='nav-link-accountList']]
*** Running test method verifySignInPageTitle...
]]></system-out>
    <system-err><![CDATA[Starting ChromeDriver 88.0.4324.96 (68dba2d8a0b149a1d3afac56fa74648032bcf46b-refs/branch-heads/4324@{#1784}) on port 21925
Only local connections are allowed.
Please see https://chromedriver.chromium.org/security-considerations for suggestions on keeping ChromeDriver safe.
ChromeDriver was started successfully.
[1616147988.595][WARNING]: This version of ChromeDriver has not been tested with Chrome version 89.
Mar 19, 2021 3:29:49 PM org.openqa.selenium.remote.ProtocolHandshake createSession
INFO: Detected dialect: W3C
]]></system-err>
  </testcase>
  <testcase name="searchAndSelectItem" classname="com.amazon.qa.testcases.SearchPageTest" time="9.004">
    <system-out><![CDATA[*** Executed verifySignInPageTitle test successfully...
Before navigating to: 'https://www.amazon.in/'
Navigated to:'https://www.amazon.in/'
Trying to find Element By : By.xpath: //a[@id='nav-link-accountList']
Found Element By : By.xpath: //a[@id='nav-link-accountList']
Trying to click on: [[ChromeDriver: chrome on WINDOWS (2cf1f8aa41828276d30959900fa1d702)] -> xpath: //a[@id='nav-link-accountList']]
Clicked on: [[ChromeDriver: chrome on WINDOWS (2cf1f8aa41828276d30959900fa1d702)] -> xpath: //a[@id='nav-link-accountList']]
Trying to find Element By : By.xpath: //input[@name='email']
Found Element By : By.xpath: //input[@name='email']
Trying to find Element By : By.xpath: //input[@id='continue']
Found Element By : By.xpath: //input[@id='continue']
Trying to click on: [[ChromeDriver: chrome on WINDOWS (2cf1f8aa41828276d30959900fa1d702)] -> xpath: //input[@id='continue']]
Clicked on: [[ChromeDriver: chrome on WINDOWS (2cf1f8aa41828276d30959900fa1d702)] -> xpath: //input[@id='continue']]
Trying to find Element By : By.xpath: //input[@name='password']
Found Element By : By.xpath: //input[@name='password']
Trying to find Element By : By.xpath: //input[@id='signInSubmit']
Found Element By : By.xpath: //input[@id='signInSubmit']
Trying to click on: [[ChromeDriver: chrome on WINDOWS (2cf1f8aa41828276d30959900fa1d702)] -> xpath: //input[@id='signInSubmit']]
Clicked on: [[ChromeDriver: chrome on WINDOWS (2cf1f8aa41828276d30959900fa1d702)] -> xpath: //input[@id='signInSubmit']]
Trying to find Element By : By.xpath: //a[text()='Click here to refresh the page.']
Found Element By : By.xpath: //a[text()='Click here to refresh the page.']
*** Running test method searchAndSelectItem...
Trying to find Element By : By.xpath: //input[@id='twotabsearchtextbox']
Found Element By : By.xpath: //input[@id='twotabsearchtextbox']
Trying to find Element By : By.xpath: //input[@id='nav-search-submit-button']
Found Element By : By.xpath: //input[@id='nav-search-submit-button']
Trying to click on: [[ChromeDriver: chrome on WINDOWS (2cf1f8aa41828276d30959900fa1d702)] -> xpath: //input[@id='nav-search-submit-button']]
Clicked on: [[ChromeDriver: chrome on WINDOWS (2cf1f8aa41828276d30959900fa1d702)] -> xpath: //input[@id='nav-search-submit-button']]
Trying to find Element By : By.xpath: //span[contains(text(),'Samsung Galaxy M31 (Ocean Blue, 6GB RAM, 128GB Storage)')]
Found Element By : By.xpath: //span[contains(text(),'Samsung Galaxy M31 (Ocean Blue, 6GB RAM, 128GB Storage)')]
Trying to find Element By : By.xpath: //span[contains(text(),'Samsung Galaxy M31 (Ocean Blue, 6GB RAM, 128GB Storage)')]
Found Element By : By.xpath: //span[contains(text(),'Samsung Galaxy M31 (Ocean Blue, 6GB RAM, 128GB Storage)')]
Trying to click on: [[ChromeDriver: chrome on WINDOWS (2cf1f8aa41828276d30959900fa1d702)] -> xpath: //span[contains(text(),'Samsung Galaxy M31 (Ocean Blue, 6GB RAM, 128GB Storage)')]]
Clicked on: [[ChromeDriver: chrome on WINDOWS (2cf1f8aa41828276d30959900fa1d702)] -> xpath: //span[contains(text(),'Samsung Galaxy M31 (Ocean Blue, 6GB RAM, 128GB Storage)')]]
]]></system-out>
    <system-err><![CDATA[Starting ChromeDriver 88.0.4324.96 (68dba2d8a0b149a1d3afac56fa74648032bcf46b-refs/branch-heads/4324@{#1784}) on port 13107
Only local connections are allowed.
Please see https://chromedriver.chromium.org/security-considerations for suggestions on keeping ChromeDriver safe.
ChromeDriver was started successfully.
[1616148000.737][WARNING]: This version of ChromeDriver has not been tested with Chrome version 89.
Mar 19, 2021 3:30:00 PM org.openqa.selenium.remote.ProtocolHandshake createSession
INFO: Detected dialect: W3C
]]></system-err>
  </testcase>
  <testcase name="buyItem" classname="com.amazon.qa.testcases.ItemDetailsPageTest" time="20.094">
    <system-out><![CDATA[*** Executed searchAndSelectItem test successfully...
Before navigating to: 'https://www.amazon.in/'
Navigated to:'https://www.amazon.in/'
Trying to find Element By : By.xpath: //a[@id='nav-link-accountList']
Found Element By : By.xpath: //a[@id='nav-link-accountList']
Trying to click on: [[ChromeDriver: chrome on WINDOWS (1afcbd319e140afc50f6a08f5e79750a)] -> xpath: //a[@id='nav-link-accountList']]
Clicked on: [[ChromeDriver: chrome on WINDOWS (1afcbd319e140afc50f6a08f5e79750a)] -> xpath: //a[@id='nav-link-accountList']]
Trying to find Element By : By.xpath: //input[@name='email']
Found Element By : By.xpath: //input[@name='email']
Trying to find Element By : By.xpath: //input[@id='continue']
Found Element By : By.xpath: //input[@id='continue']
Trying to click on: [[ChromeDriver: chrome on WINDOWS (1afcbd319e140afc50f6a08f5e79750a)] -> xpath: //input[@id='continue']]
Clicked on: [[ChromeDriver: chrome on WINDOWS (1afcbd319e140afc50f6a08f5e79750a)] -> xpath: //input[@id='continue']]
Trying to find Element By : By.xpath: //input[@name='password']
Found Element By : By.xpath: //input[@name='password']
Trying to find Element By : By.xpath: //input[@id='signInSubmit']
Found Element By : By.xpath: //input[@id='signInSubmit']
Trying to click on: [[ChromeDriver: chrome on WINDOWS (1afcbd319e140afc50f6a08f5e79750a)] -> xpath: //input[@id='signInSubmit']]
Clicked on: [[ChromeDriver: chrome on WINDOWS (1afcbd319e140afc50f6a08f5e79750a)] -> xpath: //input[@id='signInSubmit']]
Trying to find Element By : By.xpath: //a[text()='Click here to refresh the page.']
Found Element By : By.xpath: //a[text()='Click here to refresh the page.']
Trying to find Element By : By.xpath: //input[@id='twotabsearchtextbox']
Found Element By : By.xpath: //input[@id='twotabsearchtextbox']
Trying to find Element By : By.xpath: //input[@id='nav-search-submit-button']
Found Element By : By.xpath: //input[@id='nav-search-submit-button']
Trying to click on: [[ChromeDriver: chrome on WINDOWS (1afcbd319e140afc50f6a08f5e79750a)] -> xpath: //input[@id='nav-search-submit-button']]
Clicked on: [[ChromeDriver: chrome on WINDOWS (1afcbd319e140afc50f6a08f5e79750a)] -> xpath: //input[@id='nav-search-submit-button']]
Trying to find Element By : By.xpath: //span[contains(text(),'Samsung Galaxy M31 (Ocean Blue, 6GB RAM, 128GB Storage)')]
Found Element By : By.xpath: //span[contains(text(),'Samsung Galaxy M31 (Ocean Blue, 6GB RAM, 128GB Storage)')]
Trying to find Element By : By.xpath: //span[contains(text(),'Samsung Galaxy M31 (Ocean Blue, 6GB RAM, 128GB Storage)')]
Found Element By : By.xpath: //span[contains(text(),'Samsung Galaxy M31 (Ocean Blue, 6GB RAM, 128GB Storage)')]
Trying to click on: [[ChromeDriver: chrome on WINDOWS (1afcbd319e140afc50f6a08f5e79750a)] -> xpath: //span[contains(text(),'Samsung Galaxy M31 (Ocean Blue, 6GB RAM, 128GB Storage)')]]
Clicked on: [[ChromeDriver: chrome on WINDOWS (1afcbd319e140afc50f6a08f5e79750a)] -> xpath: //span[contains(text(),'Samsung Galaxy M31 (Ocean Blue, 6GB RAM, 128GB Storage)')]]
*** Running test method buyItem...
There are no children
The child window is CDwindow-DB93581AC7E5859AF78F628758CD9770
Trying to find Element By : By.xpath: //Input[@id='buy-now-button']
Found Element By : By.xpath: //Input[@id='buy-now-button']
Trying to click on: [[ChromeDriver: chrome on WINDOWS (1afcbd319e140afc50f6a08f5e79750a)] -> xpath: //Input[@id='buy-now-button']]
Clicked on: [[ChromeDriver: chrome on WINDOWS (1afcbd319e140afc50f6a08f5e79750a)] -> xpath: //Input[@id='buy-now-button']]
]]></system-out>
    <system-err><![CDATA[Starting ChromeDriver 88.0.4324.96 (68dba2d8a0b149a1d3afac56fa74648032bcf46b-refs/branch-heads/4324@{#1784}) on port 9848
Only local connections are allowed.
Please see https://chromedriver.chromium.org/security-considerations for suggestions on keeping ChromeDriver safe.
ChromeDriver was started successfully.
[1616148038.328][WARNING]: This version of ChromeDriver has not been tested with Chrome version 89.
Mar 19, 2021 3:30:38 PM org.openqa.selenium.remote.ProtocolHandshake createSession
INFO: Detected dialect: W3C
]]></system-err>
  </testcase>
  <testcase name="addInvalidCardAndVerifyError" classname="com.amazon.qa.testcases.PaymentPageTest" time="0.92">
    <system-out><![CDATA[*** Executed buyItem test successfully...
Before navigating to: 'https://www.amazon.in/'
Navigated to:'https://www.amazon.in/'
Trying to find Element By : By.xpath: //a[@id='nav-link-accountList']
Found Element By : By.xpath: //a[@id='nav-link-accountList']
Trying to click on: [[ChromeDriver: chrome on WINDOWS (fb0942d7aeafa0f9a382f206dad97cb5)] -> xpath: //a[@id='nav-link-accountList']]
Clicked on: [[ChromeDriver: chrome on WINDOWS (fb0942d7aeafa0f9a382f206dad97cb5)] -> xpath: //a[@id='nav-link-accountList']]
Trying to find Element By : By.xpath: //input[@name='email']
Found Element By : By.xpath: //input[@name='email']
Trying to find Element By : By.xpath: //input[@id='continue']
Found Element By : By.xpath: //input[@id='continue']
Trying to click on: [[ChromeDriver: chrome on WINDOWS (fb0942d7aeafa0f9a382f206dad97cb5)] -> xpath: //input[@id='continue']]
Clicked on: [[ChromeDriver: chrome on WINDOWS (fb0942d7aeafa0f9a382f206dad97cb5)] -> xpath: //input[@id='continue']]
Trying to find Element By : By.xpath: //input[@name='password']
Found Element By : By.xpath: //input[@name='password']
Trying to find Element By : By.xpath: //input[@id='signInSubmit']
Found Element By : By.xpath: //input[@id='signInSubmit']
Trying to click on: [[ChromeDriver: chrome on WINDOWS (fb0942d7aeafa0f9a382f206dad97cb5)] -> xpath: //input[@id='signInSubmit']]
Clicked on: [[ChromeDriver: chrome on WINDOWS (fb0942d7aeafa0f9a382f206dad97cb5)] -> xpath: //input[@id='signInSubmit']]
Trying to find Element By : By.xpath: //a[text()='Click here to refresh the page.']
Found Element By : By.xpath: //a[text()='Click here to refresh the page.']
Trying to find Element By : By.xpath: //input[@id='twotabsearchtextbox']
Found Element By : By.xpath: //input[@id='twotabsearchtextbox']
Trying to find Element By : By.xpath: //input[@id='nav-search-submit-button']
Found Element By : By.xpath: //input[@id='nav-search-submit-button']
Trying to click on: [[ChromeDriver: chrome on WINDOWS (fb0942d7aeafa0f9a382f206dad97cb5)] -> xpath: //input[@id='nav-search-submit-button']]
Clicked on: [[ChromeDriver: chrome on WINDOWS (fb0942d7aeafa0f9a382f206dad97cb5)] -> xpath: //input[@id='nav-search-submit-button']]
Trying to find Element By : By.xpath: //span[contains(text(),'Samsung Galaxy M31 (Ocean Blue, 6GB RAM, 128GB Storage)')]
Found Element By : By.xpath: //span[contains(text(),'Samsung Galaxy M31 (Ocean Blue, 6GB RAM, 128GB Storage)')]
Trying to find Element By : By.xpath: //span[contains(text(),'Samsung Galaxy M31 (Ocean Blue, 6GB RAM, 128GB Storage)')]
Found Element By : By.xpath: //span[contains(text(),'Samsung Galaxy M31 (Ocean Blue, 6GB RAM, 128GB Storage)')]
Trying to click on: [[ChromeDriver: chrome on WINDOWS (fb0942d7aeafa0f9a382f206dad97cb5)] -> xpath: //span[contains(text(),'Samsung Galaxy M31 (Ocean Blue, 6GB RAM, 128GB Storage)')]]
Clicked on: [[ChromeDriver: chrome on WINDOWS (fb0942d7aeafa0f9a382f206dad97cb5)] -> xpath: //span[contains(text(),'Samsung Galaxy M31 (Ocean Blue, 6GB RAM, 128GB Storage)')]]
There are no children
The child window is CDwindow-C85244865C99398AC7E8BDBAD0C6ED61
Trying to find Element By : By.xpath: //Input[@id='buy-now-button']
Found Element By : By.xpath: //Input[@id='buy-now-button']
Trying to click on: [[ChromeDriver: chrome on WINDOWS (fb0942d7aeafa0f9a382f206dad97cb5)] -> xpath: //Input[@id='buy-now-button']]
Clicked on: [[ChromeDriver: chrome on WINDOWS (fb0942d7aeafa0f9a382f206dad97cb5)] -> xpath: //Input[@id='buy-now-button']]
*** Running test method addInvalidCardAndVerifyError...
Trying to find Element By : By.xpath: //input[@value='SelectableAddCreditCard']
Found Element By : By.xpath: //input[@value='SelectableAddCreditCard']
Trying to click on: [[ChromeDriver: chrome on WINDOWS (fb0942d7aeafa0f9a382f206dad97cb5)] -> xpath: //input[@value='SelectableAddCreditCard']]
Clicked on: [[ChromeDriver: chrome on WINDOWS (fb0942d7aeafa0f9a382f206dad97cb5)] -> xpath: //input[@value='SelectableAddCreditCard']]
Trying to find Element By : By.xpath: //input[@name='ppw-accountHolderName']
Found Element By : By.xpath: //input[@name='ppw-accountHolderName']
Trying to find Element By : By.xpath: //input[@name='ppw-accountHolderName']
Found Element By : By.xpath: //input[@name='ppw-accountHolderName']
Trying to find Element By : By.xpath: //input[@name='addCreditCardNumber']
Found Element By : By.xpath: //input[@name='addCreditCardNumber']
Trying to find Element By : By.xpath: //input[@name='addCreditCardNumber']
Found Element By : By.xpath: //input[@name='addCreditCardNumber']
Trying to find Element By : By.xpath: //input[@name='ppw-widgetEvent:AddCreditCardEvent']
Found Element By : By.xpath: //input[@name='ppw-widgetEvent:AddCreditCardEvent']
Trying to click on: [[ChromeDriver: chrome on WINDOWS (fb0942d7aeafa0f9a382f206dad97cb5)] -> xpath: //input[@name='ppw-widgetEvent:AddCreditCardEvent']]
Clicked on: [[ChromeDriver: chrome on WINDOWS (fb0942d7aeafa0f9a382f206dad97cb5)] -> xpath: //input[@name='ppw-widgetEvent:AddCreditCardEvent']]
Trying to find Element By : By.xpath: //span[text()='Card number is not correct.']
Found Element By : By.xpath: //span[text()='Card number is not correct.']
Trying to find Element By : By.xpath: //span[text()='Card number is not correct.']
Found Element By : By.xpath: //span[text()='Card number is not correct.']
]]></system-out>
    <system-err><![CDATA[Starting ChromeDriver 88.0.4324.96 (68dba2d8a0b149a1d3afac56fa74648032bcf46b-refs/branch-heads/4324@{#1784}) on port 34880
Only local connections are allowed.
Please see https://chromedriver.chromium.org/security-considerations for suggestions on keeping ChromeDriver safe.
ChromeDriver was started successfully.
[1616148112.064][WARNING]: This version of ChromeDriver has not been tested with Chrome version 89.
Mar 19, 2021 3:31:52 PM org.openqa.selenium.remote.ProtocolHandshake createSession
INFO: Detected dialect: W3C
]]></system-err>
  </testcase>
  <testcase name="setup" classname="com.amazon.qa.testcases.PaymentPageTest" time="29.869">
    <failure message="timeout: Timed out receiving message from renderer: 18.954&#10;  (Session info: chrome=89.0.4389.90)&#10;Build info: version: &apos;3.141.59&apos;, revision: &apos;e82be7d358&apos;, time: &apos;2018-11-14T08:17:03&apos;&#10;System info: host: &apos;SREEKUMAR&apos;, ip: &apos;192.168.1.100&apos;, os.name: &apos;Windows 10&apos;, os.arch: &apos;amd64&apos;, os.version: &apos;10.0&apos;, java.version: &apos;1.8.0_281&apos;&#10;Driver info: org.openqa.selenium.chrome.ChromeDriver&#10;Capabilities {acceptInsecureCerts: false, browserName: chrome, browserVersion: 89.0.4389.90, chrome: {chromedriverVersion: 88.0.4324.96 (68dba2d8a0b14..., userDataDir: C:\Users\ADMINI~1\AppData\L...}, goog:chromeOptions: {debuggerAddress: localhost:55236}, javascriptEnabled: true, networkConnectionEnabled: false, pageLoadStrategy: normal, platform: WINDOWS, platformName: WINDOWS, proxy: Proxy(), setWindowRect: true, strictFileInteractability: false, timeouts: {implicit: 0, pageLoad: 300000, script: 30000}, unhandledPromptBehavior: dismiss and notify, webauthn:extension:largeBlob: true, webauthn:virtualAuthenticators: true}&#10;Session ID: 3e88caecb6ca3295a5e8624d1851abbb" type="org.openqa.selenium.TimeoutException"><![CDATA[org.openqa.selenium.TimeoutException: 
timeout: Timed out receiving message from renderer: 18.954
  (Session info: chrome=89.0.4389.90)
Build info: version: '3.141.59', revision: 'e82be7d358', time: '2018-11-14T08:17:03'
System info: host: 'SREEKUMAR', ip: '192.168.1.100', os.name: 'Windows 10', os.arch: 'amd64', os.version: '10.0', java.version: '1.8.0_281'
Driver info: org.openqa.selenium.chrome.ChromeDriver
Capabilities {acceptInsecureCerts: false, browserName: chrome, browserVersion: 89.0.4389.90, chrome: {chromedriverVersion: 88.0.4324.96 (68dba2d8a0b14..., userDataDir: C:\Users\ADMINI~1\AppData\L...}, goog:chromeOptions: {debuggerAddress: localhost:55236}, javascriptEnabled: true, networkConnectionEnabled: false, pageLoadStrategy: normal, platform: WINDOWS, platformName: WINDOWS, proxy: Proxy(), setWindowRect: true, strictFileInteractability: false, timeouts: {implicit: 0, pageLoad: 300000, script: 30000}, unhandledPromptBehavior: dismiss and notify, webauthn:extension:largeBlob: true, webauthn:virtualAuthenticators: true}
Session ID: 3e88caecb6ca3295a5e8624d1851abbb
	at com.amazon.qa.testcases.PaymentPageTest.setup(PaymentPageTest.java:36)
]]></failure>
    <system-out><![CDATA[*** Executed addInvalidCardAndVerifyError test successfully...
Before navigating to: 'https://www.amazon.in/'
Exception occured: org.openqa.selenium.TimeoutException: timeout: Timed out receiving message from renderer: 18.954
  (Session info: chrome=89.0.4389.90)
Build info: version: '3.141.59', revision: 'e82be7d358', time: '2018-11-14T08:17:03'
System info: host: 'SREEKUMAR', ip: '192.168.1.100', os.name: 'Windows 10', os.arch: 'amd64', os.version: '10.0', java.version: '1.8.0_281'
Driver info: org.openqa.selenium.chrome.ChromeDriver
Capabilities {acceptInsecureCerts: false, browserName: chrome, browserVersion: 89.0.4389.90, chrome: {chromedriverVersion: 88.0.4324.96 (68dba2d8a0b14..., userDataDir: C:\Users\ADMINI~1\AppData\L...}, goog:chromeOptions: {debuggerAddress: localhost:55236}, javascriptEnabled: true, networkConnectionEnabled: false, pageLoadStrategy: normal, platform: WINDOWS, platformName: WINDOWS, proxy: Proxy(), setWindowRect: true, strictFileInteractability: false, timeouts: {implicit: 0, pageLoad: 300000, script: 30000}, unhandledPromptBehavior: dismiss and notify, webauthn:extension:largeBlob: true, webauthn:virtualAuthenticators: true}
Session ID: 3e88caecb6ca3295a5e8624d1851abbb
]]></system-out>
    <system-err><![CDATA[Starting ChromeDriver 88.0.4324.96 (68dba2d8a0b149a1d3afac56fa74648032bcf46b-refs/branch-heads/4324@{#1784}) on port 22306
Only local connections are allowed.
Please see https://chromedriver.chromium.org/security-considerations for suggestions on keeping ChromeDriver safe.
ChromeDriver was started successfully.
[1616148184.672][WARNING]: This version of ChromeDriver has not been tested with Chrome version 89.
Mar 19, 2021 3:33:05 PM org.openqa.selenium.remote.ProtocolHandshake createSession
INFO: Detected dialect: W3C
[1616148205.890][SEVERE]: Timed out receiving message from renderer: 18.954
[1616148205.891][SEVERE]: Timed out receiving message from renderer: 18.954
]]></system-err>
  </testcase>
  <testcase name="verifyPaymentPage" classname="com.amazon.qa.testcases.PaymentPageTest" time="0">
    <skipped/>
    <system-out><![CDATA[*** Running test method verifyPaymentPage...
]]></system-out>
  </testcase>
  <testcase name="tearDown" classname="com.amazon.qa.testcases.PaymentPageTest" time="0">
    <skipped/>
    <system-out><![CDATA[*** Test verifyPaymentPage skipped...
]]></system-out>
  </testcase>
</testsuite>