<?xml version="1.0" encoding="UTF-8"?>
<testng-results skipped="0" failed="0" total="2" passed="2">
  <reporter-output>
  </reporter-output>
  <suite name="Default suite" duration-ms="92428" started-at="2021-03-16T06:48:07Z" finished-at="2021-03-16T06:49:40Z">
    <groups>
    </groups>
    <test name="Default test" duration-ms="92428" started-at="2021-03-16T06:48:07Z" finished-at="2021-03-16T06:49:40Z">
      <class name="com.amazon.qa.testcases.SignInPageTest">
        <test-method status="PASS" signature="setup()[pri:0, instance:com.amazon.qa.testcases.SignInPageTest@25bbe1b6]" name="setup" is-config="true" duration-ms="43350" started-at="2021-03-16T12:18:07Z" finished-at="2021-03-16T12:18:51Z">
          <reporter-output>
          </reporter-output>
        </test-method> <!-- setup -->
        <test-method status="PASS" signature="loginInToAmazon()[pri:0, instance:com.amazon.qa.testcases.SignInPageTest@25bbe1b6]" name="loginInToAmazon" duration-ms="21789" started-at="2021-03-16T12:18:51Z" finished-at="2021-03-16T12:19:13Z">
          <reporter-output>
          </reporter-output>
        </test-method> <!-- loginInToAmazon -->
        <test-method status="PASS" signature="tearDown()[pri:0, instance:com.amazon.qa.testcases.SignInPageTest@25bbe1b6]" name="tearDown" is-config="true" duration-ms="1937" started-at="2021-03-16T12:19:13Z" finished-at="2021-03-16T12:19:14Z">
          <reporter-output>
          </reporter-output>
        </test-method> <!-- tearDown -->
        <test-method status="PASS" signature="setup()[pri:0, instance:com.amazon.qa.testcases.SignInPageTest@25bbe1b6]" name="setup" is-config="true" duration-ms="23992" started-at="2021-03-16T12:19:14Z" finished-at="2021-03-16T12:19:38Z">
          <reporter-output>
          </reporter-output>
        </test-method> <!-- setup -->
        <test-method status="PASS" signature="verifySignInPageTitle()[pri:0, instance:com.amazon.qa.testcases.SignInPageTest@25bbe1b6]" name="verifySignInPageTitle" duration-ms="120" started-at="2021-03-16T12:19:38Z" finished-at="2021-03-16T12:19:39Z">
          <reporter-output>
          </reporter-output>
        </test-method> <!-- verifySignInPageTitle -->
        <test-method status="PASS" signature="tearDown()[pri:0, instance:com.amazon.qa.testcases.SignInPageTest@25bbe1b6]" name="tearDown" is-config="true" duration-ms="1176" started-at="2021-03-16T12:19:39Z" finished-at="2021-03-16T12:19:40Z">
          <reporter-output>
          </reporter-output>
        </test-method> <!-- tearDown -->
      </class> <!-- com.amazon.qa.testcases.SignInPageTest -->
    </test> <!-- Default test -->
  </suite> <!-- Default suite -->
</testng-results>
