<?xml version="1.0" encoding="UTF-8"?>
<!-- Generated by org.testng.reporters.JUnitXMLReporter -->
<testsuite hostname="Sreekumar" ignored="0" name="Amazon Test" tests="4" failures="0" timestamp="05 Mar 2021 10:05:37 GMT" time="100.807" errors="0">
  <testcase name="searchAndSelectItem" time="3.799" classname="com.amazon.qa.testcases.SearchPageTest"/>
  <testcase name="buyItem" time="17.132" classname="com.amazon.qa.testcases.ItemDetailsPageTest"/>
  <testcase name="homePageTitleTest" time="0.224" classname="com.amazon.qa.testcases.HomePageTest"/>
  <testcase name="verifySignInPageTitle" time="0.01" classname="com.amazon.qa.testcases.SignInPageTest"/>
</testsuite> <!-- Amazon Test -->
