<?xml version="1.0" encoding="UTF-8"?>
<!-- Generated by org.testng.reporters.JUnitXMLReporter -->
<testsuite hostname="Sreekumar" name="Amazon Page Tests" tests="9" failures="0" timestamp="16 Mar 2021 05:25:51 GMT" time="424.194" errors="0">
  <testcase name="gotoLoginPageTest" time="6.864" classname="com.amazon.qa.testcases.HomePageTest"/>
  <testcase name="homePageTitleTest" time="0.291" classname="com.amazon.qa.testcases.HomePageTest"/>
  <testcase name="loginButtonValidationTest" time="0.529" classname="com.amazon.qa.testcases.HomePageTest"/>
  <testcase name="loginInToAmazon" time="38.231" classname="com.amazon.qa.testcases.SignInPageTest"/>
  <testcase name="verifySignInPageTitle" time="0.035" classname="com.amazon.qa.testcases.SignInPageTest"/>
  <testcase name="searchAndSelectItem" time="5.342" classname="com.amazon.qa.testcases.SearchPageTest"/>
  <testcase name="buyItem" time="21.344" classname="com.amazon.qa.testcases.ItemDetailsPageTest"/>
  <testcase name="addInvalidCardAndVerifyError" time="1.568" classname="com.amazon.qa.testcases.PaymentPageTest"/>
  <testcase name="verifyPaymentPage" time="0.157" classname="com.amazon.qa.testcases.PaymentPageTest"/>
</testsuite> <!-- Amazon Page Tests -->
