<?xml version="1.0" encoding="UTF-8"?>
<!-- Generated by org.testng.reporters.JUnitXMLReporter -->
<testsuite hostname="Sreekumar" name="Amazon Page Tests" tests="9" failures="0" timestamp="19 Mar 2021 10:53:59 GMT" time="313.277" errors="0">
  <testcase name="gotoLoginPageTest" time="2.314" classname="com.amazon.qa.testcases.HomePageTest"/>
  <testcase name="homePageTitleTest" time="0.201" classname="com.amazon.qa.testcases.HomePageTest"/>
  <testcase name="loginButtonValidationTest" time="0.3" classname="com.amazon.qa.testcases.HomePageTest"/>
  <testcase name="loginInToAmazon" time="27.048" classname="com.amazon.qa.testcases.SignInPageTest"/>
  <testcase name="verifySignInPageTitle" time="0.027" classname="com.amazon.qa.testcases.SignInPageTest"/>
  <testcase name="searchAndSelectItem" time="9.016" classname="com.amazon.qa.testcases.SearchPageTest"/>
  <testcase name="buyItem" time="23.585" classname="com.amazon.qa.testcases.ItemDetailsPageTest"/>
  <testcase name="addInvalidCardAndVerifyError" time="1.267" classname="com.amazon.qa.testcases.PaymentPageTest"/>
  <testcase name="verifyPaymentPage" time="0.19" classname="com.amazon.qa.testcases.PaymentPageTest"/>
</testsuite> <!-- Amazon Page Tests -->
